TN:
SF:src/config/redis.ts
FN:12,(anonymous_1)
FN:16,(anonymous_2)
FN:23,(anonymous_3)
FN:29,(anonymous_4)
FN:35,(anonymous_5)
FN:46,(anonymous_6)
FN:53,(anonymous_7)
FN:60,(anonymous_8)
FN:68,(anonymous_9)
FN:76,(anonymous_10)
FN:82,(anonymous_11)
FN:92,(anonymous_12)
FN:99,(anonymous_13)
FN:106,(anonymous_14)
FN:108,(anonymous_15)
FN:126,(anonymous_16)
FN:160,(anonymous_17)
FN:186,(anonymous_18)
FN:194,(anonymous_19)
FN:209,(anonymous_20)
FN:216,(anonymous_21)
FN:220,(anonymous_22)
FNF:22
FNH:15
FNDA:2,(anonymous_1)
FNDA:2,(anonymous_2)
FNDA:92,(anonymous_3)
FNDA:16,(anonymous_4)
FNDA:64,(anonymous_5)
FNDA:40,(anonymous_6)
FNDA:156,(anonymous_7)
FNDA:0,(anonymous_8)
FNDA:24,(anonymous_9)
FNDA:24,(anonymous_10)
FNDA:24,(anonymous_11)
FNDA:0,(anonymous_12)
FNDA:31,(anonymous_13)
FNDA:19,(anonymous_14)
FNDA:57,(anonymous_15)
FNDA:45,(anonymous_16)
FNDA:95,(anonymous_17)
FNDA:0,(anonymous_18)
FNDA:0,(anonymous_19)
FNDA:0,(anonymous_20)
FNDA:0,(anonymous_21)
FNDA:0,(anonymous_22)
DA:3,2
DA:7,2
DA:8,2
DA:9,2
DA:13,2
DA:17,2
DA:18,2
DA:20,2
DA:24,92
DA:25,92
DA:26,92
DA:30,16
DA:31,16
DA:32,16
DA:36,64
DA:37,16
DA:39,64
DA:40,64
DA:41,64
DA:42,64
DA:43,64
DA:47,40
DA:48,40
DA:49,1
DA:50,1
DA:52,39
DA:53,39
DA:54,156
DA:56,39
DA:57,39
DA:61,0
DA:62,0
DA:63,0
DA:64,0
DA:65,0
DA:69,24
DA:70,24
DA:71,24
DA:72,24
DA:73,24
DA:77,24
DA:78,6
DA:80,24
DA:81,24
DA:82,24
DA:83,24
DA:84,24
DA:85,24
DA:88,24
DA:89,24
DA:93,0
DA:94,0
DA:95,0
DA:96,0
DA:100,31
DA:101,31
DA:102,31
DA:103,31
DA:107,19
DA:108,19
DA:109,57
DA:110,16
DA:111,16
DA:113,57
DA:114,6
DA:115,6
DA:117,57
DA:118,16
DA:119,16
DA:122,19
DA:123,19
DA:127,45
DA:130,45
DA:131,16
DA:132,16
DA:133,16
DA:134,16
DA:135,16
DA:136,16
DA:138,16
DA:141,16
DA:142,16
DA:143,16
DA:144,16
DA:145,16
DA:147,16
DA:148,16
DA:152,29
DA:153,29
DA:154,29
DA:155,29
DA:156,29
DA:159,29
DA:160,95
DA:162,29
DA:163,5
DA:164,5
DA:168,24
DA:169,24
DA:170,0
DA:171,0
DA:175,24
DA:176,24
DA:178,24
DA:179,24
DA:180,24
DA:183,0
DA:187,0
DA:188,0
DA:189,0
DA:190,0
DA:191,0
DA:195,0
DA:201,2
DA:203,2
DA:204,2
DA:205,2
DA:207,0
DA:208,0
DA:210,0
DA:211,0
DA:216,0
DA:217,0
DA:220,0
DA:221,0
DA:225,2
LF:126
LH:100
BRDA:17,0,0,2
BRDA:17,0,1,0
BRDA:25,1,0,92
BRDA:25,1,1,0
BRDA:26,2,0,92
BRDA:26,2,1,0
BRDA:36,3,0,16
BRDA:36,3,1,48
BRDA:43,4,0,64
BRDA:43,4,1,0
BRDA:48,5,0,1
BRDA:48,5,1,39
BRDA:61,6,0,0
BRDA:61,6,1,0
BRDA:69,7,0,24
BRDA:69,7,1,0
BRDA:77,8,0,6
BRDA:77,8,1,18
BRDA:83,9,0,24
BRDA:83,9,1,0
BRDA:94,10,0,0
BRDA:94,10,1,0
BRDA:94,11,0,0
BRDA:94,11,1,0
BRDA:101,12,0,24
BRDA:101,12,1,7
BRDA:109,13,0,16
BRDA:109,13,1,41
BRDA:113,14,0,6
BRDA:113,14,1,51
BRDA:117,15,0,16
BRDA:117,15,1,41
BRDA:130,16,0,16
BRDA:130,16,1,29
BRDA:130,17,0,45
BRDA:130,17,1,16
BRDA:152,18,0,29
BRDA:152,18,1,0
BRDA:152,19,0,29
BRDA:152,19,1,29
BRDA:162,20,0,5
BRDA:162,20,1,24
BRDA:168,21,0,24
BRDA:168,21,1,0
BRDA:169,22,0,0
BRDA:169,22,1,24
BRDA:178,23,0,24
BRDA:178,23,1,0
BRDA:201,24,0,2
BRDA:201,24,1,2
BRDA:203,25,0,2
BRDA:203,25,1,0
BRF:52
BRH:35
end_of_record
TN:
SF:src/controllers/purchaseController.ts
FN:11,(anonymous_1)
FNF:1
FNH:1
FNDA:31,(anonymous_1)
DA:4,1
DA:6,1
DA:12,31
DA:13,31
DA:15,31
DA:16,1
DA:20,1
DA:23,30
DA:26,30
DA:28,30
DA:30,0
DA:31,0
DA:40,1
LF:13
LH:11
BRDA:15,0,0,1
BRDA:15,0,1,30
BRDA:26,1,0,24
BRDA:26,1,1,6
BRDA:34,2,0,0
BRDA:34,2,1,0
BRF:6
BRH:4
end_of_record
TN:
SF:src/controllers/saleController.ts
FN:12,(anonymous_1)
FN:39,(anonymous_2)
FN:76,(anonymous_3)
FN:100,(anonymous_4)
FNF:4
FNH:2
FNDA:3,(anonymous_1)
FNDA:0,(anonymous_2)
FNDA:2,(anonymous_3)
FNDA:0,(anonymous_4)
DA:4,1
DA:5,1
DA:7,1
DA:13,3
DA:14,3
DA:15,3
DA:17,0
DA:20,0
DA:21,0
DA:27,0
DA:40,0
DA:41,0
DA:44,0
DA:45,0
DA:49,0
DA:52,0
DA:59,0
DA:64,0
DA:65,0
DA:77,2
DA:78,2
DA:80,2
DA:81,0
DA:82,0
DA:85,2
DA:86,2
DA:88,0
DA:89,0
DA:101,0
DA:102,0
DA:103,0
DA:105,0
DA:111,0
DA:112,0
DA:120,1
LF:35
LH:12
BRDA:20,0,0,0
BRDA:20,0,1,0
BRDA:20,1,0,0
BRDA:20,1,1,0
BRDA:29,2,0,0
BRDA:29,2,1,0
BRDA:44,3,0,0
BRDA:44,3,1,0
BRDA:44,4,0,0
BRDA:44,4,1,0
BRDA:44,4,2,0
BRDA:44,4,3,0
BRDA:67,5,0,0
BRDA:67,5,1,0
BRDA:80,6,0,0
BRDA:80,6,1,2
BRDA:80,7,0,2
BRDA:80,7,1,2
BRDA:91,8,0,0
BRDA:91,8,1,0
BRDA:114,9,0,0
BRDA:114,9,1,0
BRF:22
BRH:3
end_of_record
TN:
SF:src/middleware/rateLimiter.ts
FN:18,(anonymous_1)
FN:32,(anonymous_2)
FN:44,(anonymous_3)
FNF:3
FNH:3
FNDA:36,(anonymous_1)
FNDA:31,(anonymous_2)
FNDA:3,(anonymous_3)
DA:3,1
DA:6,1
DA:12,1
DA:18,36
DA:25,1
DA:32,31
DA:38,1
DA:44,3
LF:8
LH:8
BRDA:14,0,0,1
BRDA:14,0,1,0
BRDA:27,1,0,1
BRDA:27,1,1,0
BRDA:40,2,0,1
BRDA:40,2,1,0
BRF:6
BRH:3
end_of_record
TN:
SF:src/services/purchaseService.ts
FN:8,(anonymous_1)
FN:16,(anonymous_2)
FN:103,(anonymous_3)
FN:108,(anonymous_4)
FN:130,(anonymous_5)
FNF:5
FNH:4
FNDA:1,(anonymous_1)
FNDA:30,(anonymous_2)
FNDA:2,(anonymous_3)
FNDA:1,(anonymous_4)
FNDA:0,(anonymous_5)
DA:3,1
DA:4,1
DA:5,1
DA:6,1
DA:8,1
DA:9,1
DA:10,1
DA:17,30
DA:19,30
DA:20,0
DA:27,30
DA:29,30
DA:30,0
DA:37,30
DA:38,0
DA:45,30
DA:46,1
DA:54,29
DA:55,29
DA:65,29
DA:66,5
DA:73,24
DA:74,0
DA:82,24
DA:84,24
DA:86,24
DA:92,0
DA:93,0
DA:104,2
DA:105,2
DA:108,2
DA:110,2
DA:111,1
DA:112,1
DA:118,1
DA:122,0
DA:123,0
DA:131,0
DA:132,0
DA:133,0
DA:135,0
DA:136,0
DA:141,1
LF:43
LH:30
BRDA:19,0,0,0
BRDA:19,0,1,30
BRDA:19,1,0,30
BRDA:19,1,1,30
BRDA:29,2,0,0
BRDA:29,2,1,30
BRDA:37,3,0,0
BRDA:37,3,1,30
BRDA:45,4,0,1
BRDA:45,4,1,29
BRDA:65,5,0,5
BRDA:65,5,1,24
BRDA:73,6,0,0
BRDA:73,6,1,24
BRDA:82,7,0,24
BRDA:82,7,1,0
BRDA:110,8,0,1
BRDA:110,8,1,1
BRF:18
BRH:13
end_of_record
TN:
SF:src/services/saleService.ts
FN:7,(anonymous_1)
FN:15,(anonymous_2)
FN:60,(anonymous_3)
FN:103,(anonymous_4)
FN:111,(anonymous_5)
FN:119,(anonymous_6)
FNF:6
FNH:6
FNDA:2,(anonymous_1)
FNDA:18,(anonymous_2)
FNDA:40,(anonymous_3)
FNDA:2,(anonymous_4)
FNDA:5,(anonymous_5)
FNDA:19,(anonymous_6)
DA:3,2
DA:5,2
DA:7,2
DA:8,2
DA:9,2
DA:10,2
DA:16,18
DA:18,18
DA:19,18
DA:21,18
DA:22,1
DA:25,17
DA:26,1
DA:30,16
DA:31,16
DA:43,0
DA:44,0
DA:45,0
DA:46,0
DA:47,0
DA:50,16
DA:52,2
DA:53,2
DA:61,40
DA:62,40
DA:64,40
DA:65,1
DA:68,39
DA:69,39
DA:70,39
DA:71,39
DA:72,39
DA:76,39
DA:77,2
DA:78,37
DA:79,2
DA:80,35
DA:81,2
DA:83,33
DA:86,39
DA:95,1
DA:96,1
DA:104,2
DA:105,2
DA:112,5
DA:113,5
DA:120,19
DA:125,19
DA:129,2
LF:49
LH:44
BRDA:21,0,0,1
BRDA:21,0,1,17
BRDA:25,1,0,1
BRDA:25,1,1,16
BRDA:30,2,0,16
BRDA:30,2,1,0
BRDA:64,3,0,1
BRDA:64,3,1,39
BRDA:64,4,0,40
BRDA:64,4,1,40
BRDA:68,5,0,39
BRDA:68,5,1,0
BRDA:76,6,0,2
BRDA:76,6,1,37
BRDA:78,7,0,2
BRDA:78,7,1,35
BRDA:80,8,0,2
BRDA:80,8,1,33
BRDA:113,9,0,5
BRDA:113,9,1,0
BRF:20
BRH:17
end_of_record
TN:
SF:src/types/index.ts
FN:34,(anonymous_0)
FNF:1
FNH:1
FNDA:1,(anonymous_0)
DA:34,1
DA:35,1
DA:36,1
DA:37,1
DA:38,1
DA:39,1
DA:40,1
LF:7
LH:7
BRDA:34,0,0,1
BRDA:34,0,1,1
BRF:2
BRH:2
end_of_record
TN:
SF:src/utils/luaScripts.ts
FNF:0
FNH:0
DA:8,2
DA:44,2
LF:2
LH:2
BRF:0
BRH:0
end_of_record
